<?xml version="1.0" encoding="UTF-8"?>
<testsuite name="AppTest" tests="1" skipped="0" failures="0" errors="0" timestamp="2023-06-01T11:18:10" hostname="Tassios-MBP.lan" time="10.55">
  <properties/>
  <testcase name="First Flight" classname="AppTest" time="10.55"/>
  <system-out><![CDATA[]]></system-out>
  <system-err><![CDATA[Jun 01, 2023 12:18:18 PM io.appium.java_client.remote.AppiumCommandExecutor$1 lambda$0
INFO: Detected dialect: W3C
]]></system-err>
</testsuite>
